{"level":"info","message":"News Accessor Service is running on port 3010","timestamp":"2024-11-20T14:58:13.372Z"}
{"level":"info","message":"Controller: Requesting news from NewsService","timestamp":"2024-11-20T14:58:17.430Z"}
{"level":"error","message":"Controller: Error getting news - Failed to fetch news: Failed to fetch data: Invalid URL","timestamp":"2024-11-20T14:58:17.469Z"}
{"level":"info","message":"News Accessor Service is running on port 3010","timestamp":"2024-11-20T14:59:22.623Z"}
{"level":"info","message":"Controller: Requesting news from NewsService","timestamp":"2024-11-20T14:59:26.461Z"}
{"level":"error","message":"Controller: Error getting news - Failed to fetch news: Failed to fetch data: Invalid URL","timestamp":"2024-11-20T14:59:26.509Z"}
{"level":"info","message":"News Accessor Service is running on port 3010","timestamp":"2024-11-20T15:03:22.034Z"}
{"level":"info","message":"Controller: Requesting news from NewsService","timestamp":"2024-11-20T15:03:25.407Z"}
{"level":"error","message":"Controller: Error getting news - Failed to fetch news: Failed to fetch data: Invalid URL","timestamp":"2024-11-20T15:03:25.464Z"}
{"level":"info","message":"News Accessor Service is running on port 3010","timestamp":"2024-11-20T15:04:18.990Z"}
{"level":"info","message":"Controller: Requesting news from NewsService","timestamp":"2024-11-20T15:04:25.479Z"}
{"level":"error","message":"Controller: Error getting news - Failed to fetch news: Failed to fetch data: HTTP error! Status: 401","timestamp":"2024-11-20T15:04:26.620Z"}
{"level":"info","message":"News Accessor Service is running on port 3010","timestamp":"2024-11-20T15:05:34.390Z"}
{"level":"info","message":"Controller: Requesting news from NewsService","timestamp":"2024-11-20T15:05:42.210Z"}
{"level":"error","message":"Controller: Error getting news - Failed to fetch news: Failed to fetch data: HTTP error! Status: 401","timestamp":"2024-11-20T15:05:43.144Z"}
{"level":"info","message":"News Accessor Service is running on port 3010","timestamp":"2024-11-20T15:06:43.762Z"}
{"level":"info","message":"Controller: Requesting news from NewsService","timestamp":"2024-11-20T15:06:47.719Z"}
{"level":"info","message":"Controller: Successfully returned news to the client","timestamp":"2024-11-20T15:06:49.732Z"}
{"level":"info","message":"News Accessor Service is running on port 3010","timestamp":"2024-11-20T15:13:14.499Z"}
{"level":"info","message":"Controller: Requesting news from NewsService","timestamp":"2024-11-20T15:13:18.142Z"}
{"level":"info","message":"Controller: Successfully returned news to the client","timestamp":"2024-11-20T15:13:19.251Z"}
{"level":"info","message":"News Accessor Service is running on port 3010","timestamp":"2024-11-20T15:18:05.087Z"}
{"level":"info","message":"News Accessor Service is running on port 3010","timestamp":"2024-11-20T17:20:19.740Z"}
{"level":"info","message":"News Accessor Service is running on port 3010","timestamp":"2024-11-20T17:21:03.365Z"}
{"level":"info","message":"News Accessor Service is running on port 3010","timestamp":"2024-11-20T17:21:23.733Z"}
{"level":"info","message":"News Accessor Service is running on port 3010","timestamp":"2024-11-20T17:26:27.111Z"}
{"level":"info","message":"Controller: Requesting news from NewsService","timestamp":"2024-11-20T17:27:23.815Z"}
{"level":"info","message":"Controller: Successfully returned news to the client","timestamp":"2024-11-20T17:27:25.171Z"}
